<?xml version="1.0" encoding="UTF-8"?>
<!-- Generated by org.testng.reporters.JUnitXMLReporter -->
<testsuite ignored="0" hostname="Aishu" failures="1" tests="1" name="edgetest" time="0.003" errors="0" timestamp="2025-09-09T23:51:00 IST">
  <testcase classname="testscript.Managefootertest" name="manageFooterTestMethods" time="0.0">
    <failure type="org.testng.TestNGException" message="
Method manageFooterTestMethods requires 2 parameters but 5 were supplied in the @Test annotation.">
      <![CDATA[org.testng.TestNGException: 
Method manageFooterTestMethods requires 2 parameters but 5 were supplied in the @Test annotation.
at java.base/java.util.ArrayList.forEach(ArrayList.java:1511)
... Removed 26 stack frames]]>
    </failure>
  </testcase> <!-- manageFooterTestMethods -->
</testsuite> <!-- edgetest -->
