<?xml version="1.0" encoding="UTF-8"?>
<!-- Generated by org.testng.reporters.JUnitXMLReporter -->
<testsuite ignored="0" hostname="Aishu" failures="1" tests="1" name="edgetest" time="36.381" errors="0" timestamp="2025-09-09T10:10:42 IST">
  <testcase classname="testscript.Managefootertest" name="manageFooterTestMethods" time="1.324">
    <failure type="java.lang.NullPointerException" message="Cannot invoke &amp;quot;org.apache.poi.xssf.usermodel.XSSFSheet.getRow(int)&amp;quot; because &amp;quot;utilities.Excelutility.s&amp;quot; is null">
      <![CDATA[java.lang.NullPointerException: Cannot invoke "org.apache.poi.xssf.usermodel.XSSFSheet.getRow(int)" because "utilities.Excelutility.s" is null
at utilities.Excelutility.getStringData(Excelutility.java:23)
at testscript.Managefootertest.manageFooterTestMethods(Managefootertest.java:29)
at java.base/java.util.ArrayList.forEach(ArrayList.java:1511)
... Removed 27 stack frames]]>
    </failure>
  </testcase> <!-- manageFooterTestMethods -->
</testsuite> <!-- edgetest -->
