<?xml version="1.0" encoding="UTF-8"?>
<!-- Generated by org.testng.reporters.JUnitXMLReporter -->
<testsuite ignored="0" hostname="Aishu" failures="1" tests="1" name="Managefootertest" time="5.163" errors="0" timestamp="2025-09-09T08:10:07 IST">
  <testcase classname="testscript.Managefootertest" name="testManageFooter" time="2.002">
    <failure type="java.lang.NullPointerException" message="Cannot invoke &amp;quot;org.apache.poi.xssf.usermodel.XSSFSheet.getRow(int)&amp;quot; because &amp;quot;utilities.Excelutility.s&amp;quot; is null">
      <![CDATA[java.lang.NullPointerException: Cannot invoke "org.apache.poi.xssf.usermodel.XSSFSheet.getRow(int)" because "utilities.Excelutility.s" is null
at utilities.Excelutility.getStringData(Excelutility.java:23)
at testscript.Managefootertest.testManageFooter(Managefootertest.java:27)
at java.base/java.util.ArrayList.forEach(ArrayList.java:1511)
... Removed 27 stack frames]]>
    </failure>
  </testcase> <!-- testManageFooter -->
</testsuite> <!-- Managefootertest -->
