<?xml version="1.0" encoding="UTF-8"?>
<!-- Generated by org.testng.reporters.JUnitXMLReporter -->
<testsuite ignored="3" hostname="Aishu" failures="0" tests="1" name="Test" time="4.838" errors="0" timestamp="2025-09-09T23:44:36 IST">
  <testcase classname="testscript.Loginpagetest" name="verifyusercanabletologincorrectusernameandpassword" time="0.592"/>
  <testcase classname="testscript.Loginpagetest" name="verifyusercanabletologincorrectusernameandincorrectpassword" time="0.0">
    <ignored/>
  </testcase> <!-- verifyusercanabletologincorrectusernameandincorrectpassword -->
  <testcase classname="testscript.Loginpagetest" name="verifyusercanabletologinincorrectusernameandcorrectpassword" time="0.0">
    <ignored/>
  </testcase> <!-- verifyusercanabletologinincorrectusernameandcorrectpassword -->
  <testcase classname="testscript.Loginpagetest" name="verifyusercanabletologinincorrectusernameandincorrectpassword" time="0.0">
    <ignored/>
  </testcase> <!-- verifyusercanabletologinincorrectusernameandincorrectpassword -->
</testsuite> <!-- Test -->
