<?xml version="1.0" encoding="UTF-8"?>
<testng-results ignored="0" total="2" passed="2" failed="0" skipped="0">
  <reporter-output>
  </reporter-output>
  <suite started-at="2025-09-10T00:30:07 IST" name="Suite" finished-at="2025-09-10T00:30:37 IST" duration-ms="29751">
    <groups>
    </groups>
    <test started-at="2025-09-10T00:30:07 IST" name="chrometest" finished-at="2025-09-10T00:30:12 IST" duration-ms="5058">
      <class name="testscript.Managefootertest">
        <test-method is-config="true" signature="beforeMethod(java.lang.String)[pri:0, instance:testscript.Managefootertest@6c6cb480]" started-at="2025-09-10T00:30:07 IST" name="beforeMethod" finished-at="2025-09-10T00:30:10 IST" duration-ms="2869" status="PASS">
          <params>
            <param index="0">
              <value>
                <![CDATA[chrome]]>
              </value>
            </param>
          </params>
          <reporter-output>
          </reporter-output>
        </test-method> <!-- beforeMethod -->
        <test-method signature="manageFooterTestMethods(java.lang.String,java.lang.String,java.lang.String,java.lang.String,java.lang.String)[pri:0, instance:testscript.Managefootertest@6c6cb480]" started-at="2025-09-10T00:30:10 IST" name="manageFooterTestMethods" finished-at="2025-09-10T00:30:12 IST" duration-ms="1906" status="PASS">
          <params>
            <param index="0">
              <value>
                <![CDATA[admin]]>
              </value>
            </param>
            <param index="1">
              <value>
                <![CDATA[admin]]>
              </value>
            </param>
            <param index="2">
              <value>
                <![CDATA[sdfghjk]]>
              </value>
            </param>
            <param index="3">
              <value>
                <![CDATA[abc@gmail]]>
              </value>
            </param>
            <param index="4">
              <value>
                <![CDATA[onetwothree]]>
              </value>
            </param>
          </params>
          <reporter-output>
          </reporter-output>
        </test-method> <!-- manageFooterTestMethods -->
        <test-method is-config="true" signature="afterMethod(org.testng.ITestResult)[pri:0, instance:testscript.Managefootertest@6c6cb480]" started-at="2025-09-10T00:30:12 IST" name="afterMethod" finished-at="2025-09-10T00:30:12 IST" duration-ms="229" status="PASS">
          <params>
            <param index="0">
              <value>
                <![CDATA[[TestResult name=manageFooterTestMethods status=SUCCESS method=Managefootertest.manageFooterTestMethods(java.lang.String,java.lang.String,java.lang.String,java.lang.String,java.lang.String)[pri:0, instance:testscript.Managefootertest@6c6cb480] output={null}]]]>
              </value>
            </param>
          </params>
          <reporter-output>
          </reporter-output>
        </test-method> <!-- afterMethod -->
      </class> <!-- testscript.Managefootertest -->
    </test> <!-- chrometest -->
    <test started-at="2025-09-10T00:30:12 IST" name="edgetest" finished-at="2025-09-10T00:30:37 IST" duration-ms="24643">
      <class name="testscript.Managefootertest">
        <test-method is-config="true" signature="beforeMethod(java.lang.String)[pri:0, instance:testscript.Managefootertest@38afe297]" started-at="2025-09-10T00:30:12 IST" name="beforeMethod" finished-at="2025-09-10T00:30:34 IST" duration-ms="22293" status="PASS">
          <params>
            <param index="0">
              <value>
                <![CDATA[edge]]>
              </value>
            </param>
          </params>
          <reporter-output>
          </reporter-output>
        </test-method> <!-- beforeMethod -->
        <test-method signature="manageFooterTestMethods(java.lang.String,java.lang.String,java.lang.String,java.lang.String,java.lang.String)[pri:0, instance:testscript.Managefootertest@38afe297]" started-at="2025-09-10T00:30:34 IST" name="manageFooterTestMethods" finished-at="2025-09-10T00:30:37 IST" duration-ms="2112" status="PASS">
          <params>
            <param index="0">
              <value>
                <![CDATA[admin]]>
              </value>
            </param>
            <param index="1">
              <value>
                <![CDATA[admin]]>
              </value>
            </param>
            <param index="2">
              <value>
                <![CDATA[sdfghjk]]>
              </value>
            </param>
            <param index="3">
              <value>
                <![CDATA[abc@gmail]]>
              </value>
            </param>
            <param index="4">
              <value>
                <![CDATA[onetwothree]]>
              </value>
            </param>
          </params>
          <reporter-output>
          </reporter-output>
        </test-method> <!-- manageFooterTestMethods -->
        <test-method is-config="true" signature="afterMethod(org.testng.ITestResult)[pri:0, instance:testscript.Managefootertest@38afe297]" started-at="2025-09-10T00:30:37 IST" name="afterMethod" finished-at="2025-09-10T00:30:37 IST" duration-ms="233" status="PASS">
          <params>
            <param index="0">
              <value>
                <![CDATA[[TestResult name=manageFooterTestMethods status=SUCCESS method=Managefootertest.manageFooterTestMethods(java.lang.String,java.lang.String,java.lang.String,java.lang.String,java.lang.String)[pri:0, instance:testscript.Managefootertest@38afe297] output={null}]]]>
              </value>
            </param>
          </params>
          <reporter-output>
          </reporter-output>
        </test-method> <!-- afterMethod -->
      </class> <!-- testscript.Managefootertest -->
    </test> <!-- edgetest -->
  </suite> <!-- Suite -->
</testng-results>
